<?xml version="1.0" encoding="UTF-8"?>
<!-- Generated by org.testng.reporters.JUnitXMLReporter -->
<testsuite ignored="3" hostname="saravana-2405" failures="0" tests="14" name="Surefire test" time="8.233" errors="0" timestamp="2025-07-05T12:01:01 IST">
  <testcase classname="api.test.SpotifyCommonTest" name="getCurrentUserId" time="0.8"/>
  <testcase classname="api.test.SpotifyPlaylistTest" name="CreateMultiplePlaylists" time="0.848"/>
  <testcase classname="api.test.SpotifyPlaylistTest" name="DeleteMultiplePlaylists" time="0.619"/>
  <testcase classname="api.test.SpotifyPlaylistTest" name="AddPlayListTest" time="0.276"/>
  <testcase classname="api.test.SpotifyPlaylistTest" name="GetPlayListTest" time="0.215"/>
  <testcase classname="api.test.SpotifyPlaylistTest" name="UpdatePlayListTest" time="0.24"/>
  <testcase classname="api.test.SpotifyPlaylistTest" name="DeletePlaylistTest" time="0.2"/>
  <testcase classname="api.test.SpotifyPlaylistItemsTest" name="AddPlaylistforItems" time="0.784"/>
  <testcase classname="api.test.SpotifyPlaylistItemsTest" name="SearchItems" time="0.749"/>
  <testcase classname="api.test.SpotifyPlaylistItemsTest" name="SearchItems1" time="0.82"/>
  <testcase classname="api.test.SpotifyPlaylistItemsTest" name="AddlayListItemTest" time="0.76"/>
  <testcase classname="api.test.SpotifyPlaylistItemsTest" name="UpdatePlayListItemTest" time="1.014"/>
  <testcase classname="api.test.SpotifyPlaylistItemsTest" name="DeleteMultiplePlaylists" time="0.598"/>
  <testcase classname="api.test.SpotifyCommonTest" name="getUsersPlaylist" time="0.292"/>
  <testcase classname="api.test.SpotifyCommonTest" name="AuthCodebrowser" time="0.0">
    <ignored/>
  </testcase> <!-- AuthCodebrowser -->
  <testcase classname="api.test.SpotifyCommonTest" name="getAuthCode" time="0.0">
    <ignored/>
  </testcase> <!-- getAuthCode -->
  <testcase classname="api.test.SpotifyCommonTest" name="getAccessToken" time="0.0">
    <ignored/>
  </testcase> <!-- getAccessToken -->
</testsuite> <!-- Surefire test -->
