<?xml version="1.0" encoding="UTF-8"?>
<!-- Generated by org.testng.reporters.JUnitXMLReporter -->
<testsuite ignored="5" hostname="saravana-2405" failures="0" tests="1" name="Default test" time="0.018" errors="0" timestamp="2025-07-05T11:47:12 IST">
  <testcase classname="api.test.SpotifyCommonTest" name="clearOutputFiles" time="0.005"/>
  <testcase classname="api.test.SpotifyCommonTest" name="getCurrentUserId" time="0.0">
    <ignored/>
  </testcase> <!-- getCurrentUserId -->
  <testcase classname="api.test.SpotifyCommonTest" name="getAccessToken" time="0.0">
    <ignored/>
  </testcase> <!-- getAccessToken -->
  <testcase classname="api.test.SpotifyCommonTest" name="AuthCodebrowser" time="0.0">
    <ignored/>
  </testcase> <!-- AuthCodebrowser -->
  <testcase classname="api.test.SpotifyCommonTest" name="getAuthCode" time="0.0">
    <ignored/>
  </testcase> <!-- getAuthCode -->
  <testcase classname="api.test.SpotifyCommonTest" name="getUsersPlaylist" time="0.0">
    <ignored/>
  </testcase> <!-- getUsersPlaylist -->
</testsuite> <!-- Default test -->
