<?xml version="1.0" encoding="UTF-8"?>
<!-- Generated by org.testng.reporters.JUnitXMLReporter -->
<testsuite ignored="3" hostname="saravana-2405" failures="0" tests="14" name="Test" time="9.601" errors="0" timestamp="2025-07-05T11:48:54 IST">
  <testcase classname="api.test.SpotifyCommonTest" name="getCurrentUserId" time="1.1"/>
  <testcase classname="api.test.SpotifyCommonTest" name="getUsersPlaylist" time="0.239"/>
  <testcase classname="api.test.SpotifyPlaylistTest" name="CreateMultiplePlaylists" time="0.812"/>
  <testcase classname="api.test.SpotifyPlaylistTest" name="DeleteMultiplePlaylists" time="0.586"/>
  <testcase classname="api.test.SpotifyPlaylistTest" name="AddPlayListTest" time="0.271"/>
  <testcase classname="api.test.SpotifyPlaylistTest" name="GetPlayListTest" time="0.196"/>
  <testcase classname="api.test.SpotifyPlaylistTest" name="UpdatePlayListTest" time="0.261"/>
  <testcase classname="api.test.SpotifyPlaylistTest" name="DeletePlaylistTest" time="0.204"/>
  <testcase classname="api.test.SpotifyPlaylistItemsTest" name="AddPlaylistforItems" time="2.049"/>
  <testcase classname="api.test.SpotifyPlaylistItemsTest" name="SearchItems" time="0.781"/>
  <testcase classname="api.test.SpotifyPlaylistItemsTest" name="SearchItems1" time="0.968"/>
  <testcase classname="api.test.SpotifyPlaylistItemsTest" name="AddlayListItemTest" time="0.714"/>
  <testcase classname="api.test.SpotifyPlaylistItemsTest" name="UpdatePlayListItemTest" time="0.751"/>
  <testcase classname="api.test.SpotifyPlaylistItemsTest" name="DeleteMultiplePlaylists" time="0.637"/>
  <testcase classname="api.test.SpotifyCommonTest" name="getAuthCode" time="0.0">
    <ignored/>
  </testcase> <!-- getAuthCode -->
  <testcase classname="api.test.SpotifyCommonTest" name="getAccessToken" time="0.0">
    <ignored/>
  </testcase> <!-- getAccessToken -->
  <testcase classname="api.test.SpotifyCommonTest" name="AuthCodebrowser" time="0.0">
    <ignored/>
  </testcase> <!-- AuthCodebrowser -->
</testsuite> <!-- Test -->
