<?xml version="1.0" encoding="UTF-8"?>
<testsuite xmlns:xsi="http://www.w3.org/2001/XMLSchema-instance" xsi:noNamespaceSchemaLocation="https://maven.apache.org/surefire/maven-surefire-plugin/xsd/surefire-test-report-3.0.xsd" version="3.0" name="TestSuite" time="8.529" tests="14" errors="0" skipped="0" failures="0">
  <properties>
[...]
</properties>
  <testcase name="getCurrentUserId" classname="api.test.SpotifyCommonTest" time="0.8">
    <system-out><![CDATA[Cleared: src/test/resources/output/playlist3_op.json
Cleared: src/test/resources/output/PlaylistItems1_op.json
Cleared: src/test/resources/output/SearchItems1_res.json
Cleared: src/test/resources/output/trackuri1.json
Cleared: src/test/resources/output/trackuri2.json
Auth token loading from token_store.json file
✅ Tokens loaded from: src/test/resources/token_store.json
]]></system-out>
    <system-err><![CDATA[SLF4J: Failed to load class "org.slf4j.impl.StaticLoggerBinder".
SLF4J: Defaulting to no-operation (NOP) logger implementation
SLF4J: See http://www.slf4j.org/codes.html#StaticLoggerBinder for further details.
]]></system-err>
  </testcase>
  <testcase name="getUsersPlaylist" classname="api.test.SpotifyCommonTest" time="0.292">
    <system-out><![CDATA[https://api.spotify.com/v1/users/31tezlkurgq3i5pzptum4mnsy45m/playlists
HTTP/1.1 200 OK
content-type: application/json; charset=utf-8
cache-control: public, max-age=0
etag: "MC-IjIwNjljNjljNmFlOWM3ZDZjZjBiZTQxYmI4MmI1ZmUyIg=="
vary: Authorization
x-robots-tag: noindex, nofollow
access-control-allow-origin: *
access-control-allow-headers: Accept, App-Platform, Authorization, Content-Type, Origin, Retry-After, Spotify-App-Version, X-Cloud-Trace-Context, client-token, content-access-token
access-control-allow-methods: GET, POST, OPTIONS, PUT, DELETE, PATCH
access-control-allow-credentials: true
access-control-max-age: 604800
content-encoding: gzip
strict-transport-security: max-age=31536000
x-content-type-options: nosniff
alt-svc: h3=":443"; ma=2592000,h3-29=":443"; ma=2592000
date: Sat, 05 Jul 2025 06:31:00 GMT
server: envoy
Via: HTTP/2 edgeproxy, 1.1 google
Alt-Svc: h3=":443"; ma=2592000,h3-29=":443"; ma=2592000
Transfer-Encoding: chunked

{
    "href": "https://api.spotify.com/v1/users/31tezlkurgq3i5pzptum4mnsy45m/playlists?offset=0&limit=50",
    "limit": 50,
    "next": null,
    "offset": 0,
    "previous": null,
    "total": 2,
    "items": [
        {
            "collaborative": false,
            "description": "PlayList desc2",
            "external_urls": {
                "spotify": "https://open.spotify.com/playlist/34prvscLP1o1MNtCeJ4W0W"
            },
            "href": "https://api.spotify.com/v1/playlists/34prvscLP1o1MNtCeJ4W0W",
            "id": "34prvscLP1o1MNtCeJ4W0W",
            "images": null,
            "name": "PlayList Name2",
            "owner": {
                "display_name": "Sarvanm",
                "external_urls": {
                    "spotify": "https://open.spotify.com/user/31tezlkurgq3i5pzptum4mnsy45m"
                },
                "href": "https://api.spotify.com/v1/users/31tezlkurgq3i5pzptum4mnsy45m",
                "id": "31tezlkurgq3i5pzptum4mnsy45m",
                "type": "user",
                "uri": "spotify:user:31tezlkurgq3i5pzptum4mnsy45m"
            },
            "primary_color": null,
            "public": true,
            "snapshot_id": "AAAABXB9h3T9J/U5aclN2DHbqNkgS0HA",
            "tracks": {
                "href": "https://api.spotify.com/v1/playlists/34prvscLP1o1MNtCeJ4W0W/tracks",
                "total": 0
            },
            "type": "playlist",
            "uri": "spotify:playlist:34prvscLP1o1MNtCeJ4W0W"
        },
        {
            "collaborative": false,
            "description": "PlayList desc1",
            "external_urls": {
                "spotify": "https://open.spotify.com/playlist/2LiTGLH80DUhAuoOv4AmhL"
            },
            "href": "https://api.spotify.com/v1/playlists/2LiTGLH80DUhAuoOv4AmhL",
            "id": "2LiTGLH80DUhAuoOv4AmhL",
            "images": null,
            "name": "PlayList Name1",
            "owner": {
                "display_name": "Sarvanm",
                "external_urls": {
                    "spotify": "https://open.spotify.com/user/31tezlkurgq3i5pzptum4mnsy45m"
                },
                "href": "https://api.spotify.com/v1/users/31tezlkurgq3i5pzptum4mnsy45m",
                "id": "31tezlkurgq3i5pzptum4mnsy45m",
                "type": "user",
                "uri": "spotify:user:31tezlkurgq3i5pzptum4mnsy45m"
            },
            "primary_color": null,
            "public": true,
            "snapshot_id": "AAAABVRUC+sHMcbnA7Fwf07a6w9sP5O0",
            "tracks": {
                "href": "https://api.spotify.com/v1/playlists/2LiTGLH80DUhAuoOv4AmhL/tracks",
                "total": 0
            },
            "type": "playlist",
            "uri": "spotify:playlist:2LiTGLH80DUhAuoOv4AmhL"
        }
    ]
}
]]></system-out>
  </testcase>
  <testcase name="CreateMultiplePlaylists" classname="api.test.SpotifyPlaylistTest" time="0.847"/>
  <testcase name="DeleteMultiplePlaylists" classname="api.test.SpotifyPlaylistTest" time="0.619"/>
  <testcase name="AddPlayListTest" classname="api.test.SpotifyPlaylistTest" time="0.277">
    <system-out><![CDATA[Add Playlist Begins...
Headers:		Authorization=Bearer BQAP8E0_WqoHw83fqRuxXPOcDN6A65I9KAzWQ5KzEGjCsae5kE1bl7g_Uofr1RL28oG75t3ZrRH2qP6we8mvz_y2B3gZ0adMIX-fN-YsVz4AL02jqe4vKqxxmm0KkDaDIIxkgN-X15YA51c_XCkfqLb9FUdj9HEYhpPvXEjuOhxMSg16b9iAEFP_Xd2jWkp9FEXEYiWDo1Et0lczLNKj-KeJ8QOJcyG2zBPMqrqJWYmYgLo8LQG8iLkEWQf5TakZ1-wGA0DXyVXqTCLFyd7sm1ACb7BBwZSlt0wluMd2EEKSZfMf6DrMHO37
				Accept=*/*
				Content-Type=application/json
Body:
{
    "name": "Test1",
    "description": "Test1 playlist description",
    "public": "false"
}
HTTP/1.1 201 Created
content-type: application/json; charset=utf-8
cache-control: private, max-age=0
x-robots-tag: noindex, nofollow
access-control-allow-origin: *
access-control-allow-headers: Accept, App-Platform, Authorization, Content-Type, Origin, Retry-After, Spotify-App-Version, X-Cloud-Trace-Context, client-token, content-access-token
access-control-allow-methods: GET, POST, OPTIONS, PUT, DELETE, PATCH
access-control-allow-credentials: true
access-control-max-age: 604800
content-encoding: gzip
strict-transport-security: max-age=31536000
x-content-type-options: nosniff
alt-svc: h3=":443"; ma=2592000,h3-29=":443"; ma=2592000
date: Sat, 05 Jul 2025 06:30:55 GMT
server: envoy
Via: HTTP/2 edgeproxy, 1.1 google
Alt-Svc: h3=":443"; ma=2592000,h3-29=":443"; ma=2592000
Transfer-Encoding: chunked

{
    "collaborative": false,
    "description": "Test1 playlist description",
    "external_urls": {
        "spotify": "https://open.spotify.com/playlist/3crdtYMFJHfR4aq3Os9k53"
    },
    "followers": {
        "href": null,
        "total": 0
    },
    "href": "https://api.spotify.com/v1/playlists/3crdtYMFJHfR4aq3Os9k53",
    "id": "3crdtYMFJHfR4aq3Os9k53",
    "images": [
        
    ],
    "primary_color": null,
    "name": "Test1",
    "type": "playlist",
    "uri": "spotify:playlist:3crdtYMFJHfR4aq3Os9k53",
    "owner": {
        "href": "https://api.spotify.com/v1/users/31tezlkurgq3i5pzptum4mnsy45m",
        "id": "31tezlkurgq3i5pzptum4mnsy45m",
        "type": "user",
        "uri": "spotify:user:31tezlkurgq3i5pzptum4mnsy45m",
        "display_name": null,
        "external_urls": {
            "spotify": "https://open.spotify.com/user/31tezlkurgq3i5pzptum4mnsy45m"
        }
    },
    "public": true,
    "snapshot_id": "AAABe1SNv3jnF02LvYZ58R3eyynaPKpw",
    "tracks": {
        "limit": 100,
        "next": null,
        "offset": 0,
        "previous": null,
        "href": "https://api.spotify.com/v1/playlists/3crdtYMFJHfR4aq3Os9k53/tracks",
        "total": 0,
        "items": [
            
        ]
    }
}
]]></system-out>
  </testcase>
  <testcase name="GetPlayListTest" classname="api.test.SpotifyPlaylistTest" time="0.215">
    <system-out><![CDATA[Get Playlist Begins...
HTTP/1.1 200 OK
content-type: application/json; charset=utf-8
cache-control: public, max-age=0
etag: "MC-ImZmOWYyN2M0Njk0NmZlMzZhZmY0YzZjNjQ5NTBiM2FmIg=="
x-robots-tag: noindex, nofollow
access-control-allow-origin: *
access-control-allow-headers: Accept, App-Platform, Authorization, Content-Type, Origin, Retry-After, Spotify-App-Version, X-Cloud-Trace-Context, client-token, content-access-token
access-control-allow-methods: GET, POST, OPTIONS, PUT, DELETE, PATCH
access-control-allow-credentials: true
access-control-max-age: 604800
content-encoding: gzip
strict-transport-security: max-age=31536000
x-content-type-options: nosniff
alt-svc: h3=":443"; ma=2592000,h3-29=":443"; ma=2592000
date: Sat, 05 Jul 2025 06:30:55 GMT
server: envoy
Via: HTTP/2 edgeproxy, 1.1 google
Alt-Svc: h3=":443"; ma=2592000,h3-29=":443"; ma=2592000
Transfer-Encoding: chunked

{
    "collaborative": false,
    "description": "Test1 playlist description",
    "external_urls": {
        "spotify": "https://open.spotify.com/playlist/3crdtYMFJHfR4aq3Os9k53"
    },
    "followers": {
        "href": null,
        "total": 0
    },
    "href": "https://api.spotify.com/v1/playlists/3crdtYMFJHfR4aq3Os9k53",
    "id": "3crdtYMFJHfR4aq3Os9k53",
    "images": null,
    "name": "Test1",
    "owner": {
        "display_name": "Sarvanm",
        "external_urls": {
            "spotify": "https://open.spotify.com/user/31tezlkurgq3i5pzptum4mnsy45m"
        },
        "href": "https://api.spotify.com/v1/users/31tezlkurgq3i5pzptum4mnsy45m",
        "id": "31tezlkurgq3i5pzptum4mnsy45m",
        "type": "user",
        "uri": "spotify:user:31tezlkurgq3i5pzptum4mnsy45m"
    },
    "primary_color": null,
    "public": true,
    "snapshot_id": "AAAAAW8mPLMyJYqyvagpLTupCSfPNe03",
    "tracks": {
        "href": "https://api.spotify.com/v1/playlists/3crdtYMFJHfR4aq3Os9k53/tracks?offset=0&limit=0",
        "items": [
            
        ],
        "limit": 0,
        "next": null,
        "offset": 0,
        "previous": null,
        "total": 0
    },
    "type": "playlist",
    "uri": "spotify:playlist:3crdtYMFJHfR4aq3Os9k53"
}
]]></system-out>
  </testcase>
  <testcase name="UpdatePlayListTest" classname="api.test.SpotifyPlaylistTest" time="0.241">
    <system-out><![CDATA[Update Playlist Begins...
Headers:		Authorization=Bearer BQAP8E0_WqoHw83fqRuxXPOcDN6A65I9KAzWQ5KzEGjCsae5kE1bl7g_Uofr1RL28oG75t3ZrRH2qP6we8mvz_y2B3gZ0adMIX-fN-YsVz4AL02jqe4vKqxxmm0KkDaDIIxkgN-X15YA51c_XCkfqLb9FUdj9HEYhpPvXEjuOhxMSg16b9iAEFP_Xd2jWkp9FEXEYiWDo1Et0lczLNKj-KeJ8QOJcyG2zBPMqrqJWYmYgLo8LQG8iLkEWQf5TakZ1-wGA0DXyVXqTCLFyd7sm1ACb7BBwZSlt0wluMd2EEKSZfMf6DrMHO37
				Accept=*/*
				Content-Type=application/json
Body:
{
    "name": "Test1Mod",
    "description": "Test1Mod playlist description",
    "collaborative": "false",
    "public": true
}
HTTP/1.1 200 OK
cache-control: private, max-age=0
x-robots-tag: noindex, nofollow
access-control-allow-origin: *
access-control-allow-headers: Accept, App-Platform, Authorization, Content-Type, Origin, Retry-After, Spotify-App-Version, X-Cloud-Trace-Context, client-token, content-access-token
access-control-allow-methods: GET, POST, OPTIONS, PUT, DELETE, PATCH
access-control-allow-credentials: true
access-control-max-age: 604800
Content-Length: 0
strict-transport-security: max-age=31536000
x-content-type-options: nosniff
alt-svc: h3=":443"; ma=2592000,h3-29=":443"; ma=2592000
date: Sat, 05 Jul 2025 06:30:55 GMT
server: envoy
Via: HTTP/2 edgeproxy, 1.1 google
Alt-Svc: h3=":443"; ma=2592000,h3-29=":443"; ma=2592000
]]></system-out>
  </testcase>
  <testcase name="DeletePlaylistTest" classname="api.test.SpotifyPlaylistTest" time="0.199"/>
  <testcase name="AddPlaylistforItems" classname="api.test.SpotifyPlaylistItemsTest" time="0.784">
    <system-out><![CDATA[Create playlist
Create playlist
Create playlist
]]></system-out>
  </testcase>
  <testcase name="SearchItems" classname="api.test.SpotifyPlaylistItemsTest" time="0.75">
    <system-out><![CDATA[[4Q0qVhFQa7j6jRKzo3HDmP, 0tgVpDi06FyKpA1z0VMD4v, 7qiZfU4dY1lWllzX7mPBI3, 0iIcuwia47B5bzjVpyUwyI, 27SdWb2rFzO6GWiYDBTD9j, 0GRc3eGTg8HBdWLRGYgqIc, 6habFhsOp2NvshLv26DqMb, 5BhCnMoTq4qI4vf37Ohlkm, 1nHKI4L5pWrN5CUvW07nHP, 6hE7M9H7AWVvXHlaMoMb3e, 3rmo8F54jFF8OgYsqTxm5d, 1HNkqx9Ahdgi1Ixy2xkKkL, 3zHq9ouUJQFQRf3cm1rRLu, 0afhq8XCExXpqazXczTSve, 0TK2YIli7K1leLovkQiNik, 50nfwKoDiSYg8zOCREWAm5, 5O2P9iiztwhomNh8xkR9lJ, 6epn3r7S14KUqlReYr77hA, 1GmZCrlwV00ObNUKS63fCs, 1Pp1XzwIXOxj2cb4c6Mkaw, 6hvRoJ0BTZywxu8UCPBkzx, 4AoZkg62rwaswC33mGS2mo, 2QxviKpVdEXKDWs706MUZB, 6CfWiCKBxbvL6bNnWQl8bV, 3HVWdVOQ0ZA45FuZGSfvns, 2d6wvuDLzBJnqbP9yuJTd5, 7uqv6RgJEZbm4299wNL4Jn, 47tdxjojS4KupiK5m7WWus, 1dyRiQZRGHZvesHh2hbp8g, 12BiwDmIlwF7D3MeIQ6Rn4, 0hVXuCcriWRGvwMV1r5Yn9, 7KPcippmg9MvPzb3dzNpQW, 2sMTmMYviXS6bgsWMTDZhB, 6TL2e7qK29LjXxCL0ReAEp, 0fed0fUD5T4GAW8XBEq020, 5kMziGZ4Ply3mnroy5Mohs, 1vf09n9QoDVWhBImRgQQyG, 5DXKvETa1xppOmd4CDxs9S, 74eJR4gwG1ZmG4BFkbrOlA, 4j2e9b40AwykxTq4mF272I, 6TIU9Ehmi6dMzZK73Ym4yj, 3SWLFqvadQmOMpEfrp4FMU, 1DSwFkEe28GSFmdIK92OFX]
]]></system-out>
  </testcase>
  <testcase name="SearchItems1" classname="api.test.SpotifyPlaylistItemsTest" time="0.821">
    <system-out><![CDATA[[0pqnGHJpmpxLKifKRmU6WP, 5qaEfEh1AtSdrdrByCP7qR, 1zB4vmk8tFRmM9UULNzbLB, 0HqZX76SFLDz2aW8aiqi7G, 54ipXppHLA8U4yqpOFTUhr, 6Qn5zhYkTa37e91HC1D7lb, 2RSHsoi04658QL5xgQVov3, 2J2Z1SkXYghSajLibnQHOa, 1r9xUipOqoNwggBpENDsvJ, 3CIyK1V4JEJkg02E4EJnDl, 62yJjFtgkhUrXktIoSjgP2, 2FY7b99s15jUprqC0M5NCT, 0FB5ILDICqwK6xj7W1RP9u, 7qiZfU4dY1lWllzX7mPBI3, 27SdWb2rFzO6GWiYDBTD9j, 04ONyebJMyt11q4IBBv4pt, 5X3T8jHNIJSXviiDmiBdz0, 4cktbXiXOapiLBMprHFErI, 1sWeSMifj6Z6kZyI6z3bRc, 213x4gsFDm04hSqIUkg88w, 6Tvzf3VEi16JMhAgOwdt2y, 147V5VjASBACOtfTnPBHTF, 3RiPr603aXAoi4GHyXx0uy, 2tpWsVSb9UEmDRxAl1zhX1, 3h4T9Bg8OVSUYa6danHeH5, 3zT2616WcD9Df5m21OsCX0, 698ItKASDavgwZ3WjaWjtz, 5VC29kHMkzcaorzPKUqJbl, 69yfbpvmkIaB10msnKT7Q5, 7MXlTgQeo3IVlMpLnZuhxc, 6aiHF2IbJr6lG4Vu9em8KF, 6xlOnm5MITIKtixzJW8R0j, 7sA2SKTo1QbTSSYn5YvJC4, 5UlnuulVAVmmesw4VzqHdG, 0LtkAAEpEp1lkLX1ZvjHZb, 6TEftSkmWdTm1EpThnwqh6, 7xDd7gl6AGgpiOz5trz4dM, 2sU9EjevkrU9OkPZudvFNN, 2YgKJbcFbdhpTIfypGD9nF, 6BOgN046AFobs2sZV7YlRy, 1y3bE5i57eUm3hfLAc7h08, 0TyUOnU4H4GLqOcrH0auc8]
]]></system-out>
  </testcase>
  <testcase name="AddlayListItemTest" classname="api.test.SpotifyPlaylistItemsTest" time="0.759">
    <system-out><![CDATA[URIS [spotify:track:4Q0qVhFQa7j6jRKzo3HDmP, spotify:track:0tgVpDi06FyKpA1z0VMD4v, spotify:track:7qiZfU4dY1lWllzX7mPBI3, spotify:track:0iIcuwia47B5bzjVpyUwyI, spotify:track:27SdWb2rFzO6GWiYDBTD9j, spotify:track:0GRc3eGTg8HBdWLRGYgqIc, spotify:track:6habFhsOp2NvshLv26DqMb, spotify:track:5BhCnMoTq4qI4vf37Ohlkm, spotify:track:1nHKI4L5pWrN5CUvW07nHP, spotify:track:6hE7M9H7AWVvXHlaMoMb3e, spotify:track:3rmo8F54jFF8OgYsqTxm5d, spotify:track:1HNkqx9Ahdgi1Ixy2xkKkL, spotify:track:3zHq9ouUJQFQRf3cm1rRLu, spotify:track:0afhq8XCExXpqazXczTSve, spotify:track:0TK2YIli7K1leLovkQiNik, spotify:track:50nfwKoDiSYg8zOCREWAm5, spotify:track:5O2P9iiztwhomNh8xkR9lJ, spotify:track:6epn3r7S14KUqlReYr77hA, spotify:track:1GmZCrlwV00ObNUKS63fCs, spotify:track:1Pp1XzwIXOxj2cb4c6Mkaw, spotify:track:6hvRoJ0BTZywxu8UCPBkzx, spotify:track:4AoZkg62rwaswC33mGS2mo, spotify:track:2QxviKpVdEXKDWs706MUZB, spotify:track:6CfWiCKBxbvL6bNnWQl8bV, spotify:track:3HVWdVOQ0ZA45FuZGSfvns, spotify:track:2d6wvuDLzBJnqbP9yuJTd5, spotify:track:7uqv6RgJEZbm4299wNL4Jn, spotify:track:47tdxjojS4KupiK5m7WWus, spotify:track:1dyRiQZRGHZvesHh2hbp8g, spotify:track:12BiwDmIlwF7D3MeIQ6Rn4, spotify:track:0hVXuCcriWRGvwMV1r5Yn9, spotify:track:7KPcippmg9MvPzb3dzNpQW, spotify:track:2sMTmMYviXS6bgsWMTDZhB, spotify:track:6TL2e7qK29LjXxCL0ReAEp, spotify:track:0fed0fUD5T4GAW8XBEq020, spotify:track:5kMziGZ4Ply3mnroy5Mohs, spotify:track:1vf09n9QoDVWhBImRgQQyG, spotify:track:5DXKvETa1xppOmd4CDxs9S, spotify:track:74eJR4gwG1ZmG4BFkbrOlA, spotify:track:4j2e9b40AwykxTq4mF272I, spotify:track:6TIU9Ehmi6dMzZK73Ym4yj, spotify:track:3SWLFqvadQmOMpEfrp4FMU, spotify:track:1DSwFkEe28GSFmdIK92OFX]
Add items
Add items
Add items
]]></system-out>
  </testcase>
  <testcase name="UpdatePlayListItemTest" classname="api.test.SpotifyPlaylistItemsTest" time="1.014">
    <system-out><![CDATA[Items payload {range_start=1, insert_before=30, range_length=10}
URIS spotify:track:0pqnGHJpmpxLKifKRmU6WP,spotify:track:5qaEfEh1AtSdrdrByCP7qR,spotify:track:1zB4vmk8tFRmM9UULNzbLB,spotify:track:0HqZX76SFLDz2aW8aiqi7G,spotify:track:54ipXppHLA8U4yqpOFTUhr,spotify:track:6Qn5zhYkTa37e91HC1D7lb,spotify:track:2RSHsoi04658QL5xgQVov3,spotify:track:2J2Z1SkXYghSajLibnQHOa,spotify:track:1r9xUipOqoNwggBpENDsvJ,spotify:track:3CIyK1V4JEJkg02E4EJnDl,spotify:track:62yJjFtgkhUrXktIoSjgP2,spotify:track:2FY7b99s15jUprqC0M5NCT,spotify:track:0FB5ILDICqwK6xj7W1RP9u,spotify:track:7qiZfU4dY1lWllzX7mPBI3,spotify:track:27SdWb2rFzO6GWiYDBTD9j,spotify:track:04ONyebJMyt11q4IBBv4pt,spotify:track:5X3T8jHNIJSXviiDmiBdz0,spotify:track:4cktbXiXOapiLBMprHFErI,spotify:track:1sWeSMifj6Z6kZyI6z3bRc,spotify:track:213x4gsFDm04hSqIUkg88w,spotify:track:6Tvzf3VEi16JMhAgOwdt2y,spotify:track:147V5VjASBACOtfTnPBHTF,spotify:track:3RiPr603aXAoi4GHyXx0uy,spotify:track:2tpWsVSb9UEmDRxAl1zhX1,spotify:track:3h4T9Bg8OVSUYa6danHeH5,spotify:track:3zT2616WcD9Df5m21OsCX0,spotify:track:698ItKASDavgwZ3WjaWjtz,spotify:track:5VC29kHMkzcaorzPKUqJbl,spotify:track:69yfbpvmkIaB10msnKT7Q5,spotify:track:7MXlTgQeo3IVlMpLnZuhxc,spotify:track:6aiHF2IbJr6lG4Vu9em8KF,spotify:track:6xlOnm5MITIKtixzJW8R0j,spotify:track:7sA2SKTo1QbTSSYn5YvJC4,spotify:track:5UlnuulVAVmmesw4VzqHdG,spotify:track:0LtkAAEpEp1lkLX1ZvjHZb,spotify:track:6TEftSkmWdTm1EpThnwqh6,spotify:track:7xDd7gl6AGgpiOz5trz4dM,spotify:track:2sU9EjevkrU9OkPZudvFNN,spotify:track:2YgKJbcFbdhpTIfypGD9nF,spotify:track:6BOgN046AFobs2sZV7YlRy,spotify:track:1y3bE5i57eUm3hfLAc7h08,spotify:track:0TyUOnU4H4GLqOcrH0auc8
Update items
playlist_id 7qYmRtx68xaNrsUJ1T7EIw
Update items
playlist_id 4H0R7KjgLP1aLroMJhAAup
Update items
playlist_id 3Udg74DnraEogMu8As31KE
]]></system-out>
  </testcase>
  <testcase name="DeleteMultiplePlaylists" classname="api.test.SpotifyPlaylistItemsTest" time="0.599"/>
</testsuite>