<?xml version="1.0" encoding="UTF-8"?>
<testng-results ignored="3" total="17" passed="14" failed="0" skipped="0">
  <reporter-output>
  </reporter-output>
  <suite started-at="2025-07-05T12:00:52 IST" name="Surefire suite" finished-at="2025-07-05T12:01:01 IST" duration-ms="8233">
    <groups>
    </groups>
    <test started-at="2025-07-05T12:00:52 IST" name="Surefire test" finished-at="2025-07-05T12:01:01 IST" duration-ms="8233">
      <class name="api.test.SpotifyPlaylistTest">
        <test-method signature="CreateMultiplePlaylists()[pri:0, instance:api.test.SpotifyPlaylistTest@5f9678e1]" started-at="2025-07-05T12:00:53 IST" name="CreateMultiplePlaylists" finished-at="2025-07-05T12:00:54 IST" depends-on-methods="api.test.SpotifyCommonTest.getCurrentUserId" duration-ms="848" status="PASS">
          <reporter-output>
          </reporter-output>
        </test-method> <!-- CreateMultiplePlaylists -->
        <test-method signature="DeleteMultiplePlaylists()[pri:0, instance:api.test.SpotifyPlaylistTest@5f9678e1]" started-at="2025-07-05T12:00:54 IST" name="DeleteMultiplePlaylists" finished-at="2025-07-05T12:00:55 IST" depends-on-methods="api.test.SpotifyPlaylistTest.CreateMultiplePlaylists" duration-ms="619" status="PASS">
          <reporter-output>
          </reporter-output>
        </test-method> <!-- DeleteMultiplePlaylists -->
        <test-method signature="AddPlayListTest()[pri:1, instance:api.test.SpotifyPlaylistTest@5f9678e1]" started-at="2025-07-05T12:00:55 IST" name="AddPlayListTest" finished-at="2025-07-05T12:00:55 IST" depends-on-methods="api.test.SpotifyCommonTest.getCurrentUserId" duration-ms="276" status="PASS">
          <reporter-output>
          </reporter-output>
        </test-method> <!-- AddPlayListTest -->
        <test-method signature="GetPlayListTest()[pri:2, instance:api.test.SpotifyPlaylistTest@5f9678e1]" started-at="2025-07-05T12:00:55 IST" name="GetPlayListTest" finished-at="2025-07-05T12:00:55 IST" depends-on-methods="api.test.SpotifyPlaylistTest.AddPlayListTest" duration-ms="215" status="PASS">
          <reporter-output>
          </reporter-output>
        </test-method> <!-- GetPlayListTest -->
        <test-method signature="UpdatePlayListTest()[pri:3, instance:api.test.SpotifyPlaylistTest@5f9678e1]" started-at="2025-07-05T12:00:55 IST" name="UpdatePlayListTest" finished-at="2025-07-05T12:00:55 IST" depends-on-methods="api.test.SpotifyPlaylistTest.GetPlayListTest" duration-ms="240" status="PASS">
          <reporter-output>
          </reporter-output>
        </test-method> <!-- UpdatePlayListTest -->
        <test-method signature="DeletePlaylistTest()[pri:4, instance:api.test.SpotifyPlaylistTest@5f9678e1]" started-at="2025-07-05T12:00:55 IST" name="DeletePlaylistTest" finished-at="2025-07-05T12:00:56 IST" depends-on-methods="api.test.SpotifyPlaylistTest.UpdatePlayListTest" duration-ms="200" status="PASS">
          <reporter-output>
          </reporter-output>
        </test-method> <!-- DeletePlaylistTest -->
      </class> <!-- api.test.SpotifyPlaylistTest -->
      <class name="api.test.SpotifyPlaylistItemsTest">
        <test-method signature="AddPlaylistforItems()[pri:0, instance:api.test.SpotifyPlaylistItemsTest@241e8ea6]" started-at="2025-07-05T12:00:56 IST" name="AddPlaylistforItems" finished-at="2025-07-05T12:00:56 IST" depends-on-methods="api.test.SpotifyCommonTest.getCurrentUserId" duration-ms="784" status="PASS">
          <reporter-output>
          </reporter-output>
        </test-method> <!-- AddPlaylistforItems -->
        <test-method signature="SearchItems()[pri:0, instance:api.test.SpotifyPlaylistItemsTest@241e8ea6]" started-at="2025-07-05T12:00:56 IST" name="SearchItems" finished-at="2025-07-05T12:00:57 IST" depends-on-methods="api.test.SpotifyPlaylistItemsTest.AddPlaylistforItems" duration-ms="749" status="PASS">
          <reporter-output>
          </reporter-output>
        </test-method> <!-- SearchItems -->
        <test-method signature="SearchItems1()[pri:0, instance:api.test.SpotifyPlaylistItemsTest@241e8ea6]" started-at="2025-07-05T12:00:57 IST" name="SearchItems1" finished-at="2025-07-05T12:00:58 IST" depends-on-methods="api.test.SpotifyCommonTest.getCurrentUserId" duration-ms="820" status="PASS">
          <reporter-output>
          </reporter-output>
        </test-method> <!-- SearchItems1 -->
        <test-method signature="AddlayListItemTest()[pri:1, instance:api.test.SpotifyPlaylistItemsTest@241e8ea6]" started-at="2025-07-05T12:00:58 IST" name="AddlayListItemTest" finished-at="2025-07-05T12:00:59 IST" depends-on-methods="api.test.SpotifyPlaylistItemsTest.SearchItems" duration-ms="760" status="PASS">
          <reporter-output>
          </reporter-output>
        </test-method> <!-- AddlayListItemTest -->
        <test-method signature="UpdatePlayListItemTest()[pri:2, instance:api.test.SpotifyPlaylistItemsTest@241e8ea6]" started-at="2025-07-05T12:00:59 IST" name="UpdatePlayListItemTest" finished-at="2025-07-05T12:01:00 IST" depends-on-methods="api.test.SpotifyPlaylistItemsTest.SearchItems1" duration-ms="1014" status="PASS">
          <reporter-output>
          </reporter-output>
        </test-method> <!-- UpdatePlayListItemTest -->
        <test-method signature="DeleteMultiplePlaylists()[pri:999, instance:api.test.SpotifyPlaylistItemsTest@241e8ea6]" started-at="2025-07-05T12:01:00 IST" name="DeleteMultiplePlaylists" finished-at="2025-07-05T12:01:00 IST" depends-on-methods="api.test.SpotifyCommonTest.getCurrentUserId" duration-ms="598" status="PASS">
          <reporter-output>
          </reporter-output>
        </test-method> <!-- DeleteMultiplePlaylists -->
      </class> <!-- api.test.SpotifyPlaylistItemsTest -->
      <class name="api.test.SpotifyCommonTest">
        <test-method is-config="true" signature="clearOutputFiles()[pri:0, instance:api.test.SpotifyCommonTest@50ecde95]" started-at="2025-07-05T12:00:52 IST" name="clearOutputFiles" finished-at="2025-07-05T12:00:52 IST" duration-ms="3" status="PASS">
          <reporter-output>
          </reporter-output>
        </test-method> <!-- clearOutputFiles -->
        <test-method signature="getCurrentUserId()[pri:3, instance:api.test.SpotifyCommonTest@50ecde95]" started-at="2025-07-05T12:00:52 IST" name="getCurrentUserId" finished-at="2025-07-05T12:00:53 IST" duration-ms="800" status="PASS">
          <reporter-output>
          </reporter-output>
        </test-method> <!-- getCurrentUserId -->
        <test-method signature="getUsersPlaylist()[pri:4, instance:api.test.SpotifyCommonTest@50ecde95]" started-at="2025-07-05T12:01:00 IST" name="getUsersPlaylist" finished-at="2025-07-05T12:01:01 IST" depends-on-methods="api.test.SpotifyCommonTest.getCurrentUserId" duration-ms="292" status="PASS">
          <reporter-output>
          </reporter-output>
        </test-method> <!-- getUsersPlaylist -->
      </class> <!-- api.test.SpotifyCommonTest -->
    </test> <!-- Surefire test -->
  </suite> <!-- Surefire suite -->
</testng-results>
